#
# There is insufficient memory for the Java Runtime Environment to continue.
# Native memory allocation (malloc) failed to allocate 1667264 bytes. Error detail: Chunk::new
# Possible reasons:
#   The system is out of physical RAM or swap space
#   This process is running with CompressedOops enabled, and the Java Heap may be blocking the growth of the native heap
# Possible solutions:
#   Reduce memory load on the system
#   Increase physical memory or swap space
#   Check if swap backing store is full
#   Decrease Java heap size (-Xmx/-Xms)
#   Decrease number of Java threads
#   Decrease Java thread stack sizes (-Xss)
#   Set larger code cache with -XX:ReservedCodeCacheSize=
#   JVM is running with Unscaled Compressed Oops mode in which the Java heap is
#     placed in the first 4GB address space. The Java Heap base address is the
#     maximum limit for the native heap growth. Please use -XX:HeapBaseMinAddress
#     to set the Java Heap base and to place the Java Heap above 4GB virtual address.
# This output file may be truncated or incomplete.
#
#  Out of Memory Error (arena.cpp:149), pid=26648, tid=18700
#
# JRE version: OpenJDK Runtime Environment (23.0.1+11) (build 23.0.1+11-39)
# Java VM: OpenJDK 64-Bit Server VM (23.0.1+11-39, mixed mode, sharing, tiered, compressed oops, compressed class ptrs, g1 gc, windows-amd64)
# No core dump will be written. Minidumps are not enabled by default on client versions of Windows
#

---------------  S U M M A R Y ------------

Command Line: -javaagent:C:\Program Files\JetBrains\IntelliJ IDEA Community Edition 2024.2.4\lib\idea_rt.jar=57508:C:\Program Files\JetBrains\IntelliJ IDEA Community Edition 2024.2.4\bin -Dfile.encoding=UTF-8 -Dsun.stdout.encoding=UTF-8 -Dsun.stderr.encoding=UTF-8 com.example.asuracomic.AsuracomicApplication

Host: 11th Gen Intel(R) Core(TM) i3-1115G4 @ 3.00GHz, 4 cores, 7G,  Windows 11 , 64 bit Build 26100 (10.0.26100.7309)
Time: Sun Dec 28 10:43:08 2025 SE Asia Standard Time elapsed time: 13.338520 seconds (0d 0h 0m 13s)

---------------  T H R E A D  ---------------

Current thread (0x000001f87019af60):  JavaThread "C2 CompilerThread0" daemon [_thread_in_native, id=18700, stack(0x0000000efd800000,0x0000000efd900000) (1024K)]


Current CompileTask:
C2:13338 2541   !   4       jdk.internal.loader.BuiltinClassLoader::loadClassOrNull (143 bytes)

Stack: [0x0000000efd800000,0x0000000efd900000]
Native frames: (J=compiled Java code, j=interpreted, Vv=VM code, C=native code)
V  [jvm.dll+0x6e08b9]  (no source info available)
V  [jvm.dll+0x87dc83]  (no source info available)
V  [jvm.dll+0x88010e]  (no source info available)
V  [jvm.dll+0x8807e3]  (no source info available)
V  [jvm.dll+0x27aee6]  (no source info available)
V  [jvm.dll+0xbc06f]  (no source info available)
V  [jvm.dll+0xbc2cb]  (no source info available)
V  [jvm.dll+0x3b3a9c]  (no source info available)
V  [jvm.dll+0x1dc19c]  (no source info available)
V  [jvm.dll+0x244be5]  (no source info available)
V  [jvm.dll+0x243dff]  (no source info available)
V  [jvm.dll+0x1c33a0]  (no source info available)
V  [jvm.dll+0x253cf1]  (no source info available)
V  [jvm.dll+0x251faa]  (no source info available)
V  [jvm.dll+0x3ee036]  (no source info available)
V  [jvm.dll+0x824f8b]  (no source info available)
V  [jvm.dll+0x6df065]  (no source info available)
C  [ucrtbase.dll+0x37b0]  (no source info available)
C  [KERNEL32.DLL+0x2e8d7]  (no source info available)
C  [ntdll.dll+0x8c53c]  (no source info available)

Lock stack of current Java thread (top to bottom):


---------------  P R O C E S S  ---------------

Threads class SMR info:
_java_thread_list=0x000001f8462bfde0, length=14, elements={
0x000001f853dc9380, 0x000001f87018f560, 0x000001f870192de0, 0x000001f870196190,
0x000001f870197cf0, 0x000001f870199110, 0x000001f87019a0e0, 0x000001f87019af60,
0x000001f8701cae00, 0x000001f8450c8a40, 0x000001f84540ac20, 0x000001f84540b290,
0x000001f845b46110, 0x000001f846355b30
}

Java Threads: ( => current thread )
  0x000001f853dc9380 JavaThread "main"                              [_thread_in_native, id=21312, stack(0x0000000efca00000,0x0000000efcb00000) (1024K)]
  0x000001f87018f560 JavaThread "Reference Handler"          daemon [_thread_blocked, id=17760, stack(0x0000000efd200000,0x0000000efd300000) (1024K)]
  0x000001f870192de0 JavaThread "Finalizer"                  daemon [_thread_blocked, id=2024, stack(0x0000000efd300000,0x0000000efd400000) (1024K)]
  0x000001f870196190 JavaThread "Signal Dispatcher"          daemon [_thread_blocked, id=4756, stack(0x0000000efd400000,0x0000000efd500000) (1024K)]
  0x000001f870197cf0 JavaThread "Attach Listener"            daemon [_thread_blocked, id=8144, stack(0x0000000efd500000,0x0000000efd600000) (1024K)]
  0x000001f870199110 JavaThread "Service Thread"             daemon [_thread_blocked, id=10404, stack(0x0000000efd600000,0x0000000efd700000) (1024K)]
  0x000001f87019a0e0 JavaThread "Monitor Deflation Thread"   daemon [_thread_blocked, id=9076, stack(0x0000000efd700000,0x0000000efd800000) (1024K)]
=>0x000001f87019af60 JavaThread "C2 CompilerThread0"         daemon [_thread_in_native, id=18700, stack(0x0000000efd800000,0x0000000efd900000) (1024K)]
  0x000001f8701cae00 JavaThread "C1 CompilerThread0"         daemon [_thread_blocked, id=1528, stack(0x0000000efd900000,0x0000000efda00000) (1024K)]
  0x000001f8450c8a40 JavaThread "Common-Cleaner"             daemon [_thread_blocked, id=6360, stack(0x0000000efda00000,0x0000000efdb00000) (1024K)]
  0x000001f84540ac20 JavaThread "Monitor Ctrl-Break"         daemon [_thread_in_native, id=8524, stack(0x0000000efdb00000,0x0000000efdc00000) (1024K)]
  0x000001f84540b290 JavaThread "Notification Thread"        daemon [_thread_blocked, id=26176, stack(0x0000000efdc00000,0x0000000efdd00000) (1024K)]
  0x000001f845b46110 JavaThread "background-preinit"                [_thread_in_vm, id=15528, stack(0x0000000efe000000,0x0000000efe100000) (1024K)]
  0x000001f846355b30 JavaThread "C2 CompilerThread1"         daemon [_thread_blocked, id=4120, stack(0x0000000efe100000,0x0000000efe200000) (1024K)]
Total: 14

Other Threads:
  0x000001f870175c40 VMThread "VM Thread"                           [id=26904, stack(0x0000000efd100000,0x0000000efd200000) (1024K)]
  0x000001f870160830 WatcherThread "VM Periodic Task Thread"        [id=13832, stack(0x0000000efd000000,0x0000000efd100000) (1024K)]
  0x000001f853e1eb10 WorkerThread "GC Thread#0"                     [id=9972, stack(0x0000000efcb00000,0x0000000efcc00000) (1024K)]
  0x000001f845c30450 WorkerThread "GC Thread#1"                     [id=16264, stack(0x0000000efdd00000,0x0000000efde00000) (1024K)]
  0x000001f845b5c2e0 WorkerThread "GC Thread#2"                     [id=2696, stack(0x0000000efde00000,0x0000000efdf00000) (1024K)]
  0x000001f845c38cd0 WorkerThread "GC Thread#3"                     [id=6820, stack(0x0000000efdf00000,0x0000000efe000000) (1024K)]
  0x000001f853e33110 ConcurrentGCThread "G1 Main Marker"            [id=16184, stack(0x0000000efcc00000,0x0000000efcd00000) (1024K)]
  0x000001f853e33c20 WorkerThread "G1 Conc#0"                       [id=2448, stack(0x0000000efcd00000,0x0000000efce00000) (1024K)]
  0x000001f853e7e760 ConcurrentGCThread "G1 Refine#0"               [id=14900, stack(0x0000000efce00000,0x0000000efcf00000) (1024K)]
  0x000001f87002d380 ConcurrentGCThread "G1 Service"                [id=23116, stack(0x0000000efcf00000,0x0000000efd000000) (1024K)]
Total: 10

Threads with active compile tasks:
C2 CompilerThread0  13390 2541   !   4       jdk.internal.loader.BuiltinClassLoader::loadClassOrNull (143 bytes)
Total: 1

VM state: not at safepoint (normal execution)

VM Mutex/Monitor currently owned by a thread:  ([mutex/lock_event])
[0x00007ffb5eac1890] Metaspace_lock - owner thread: 0x000001f845b46110

Heap address: 0x0000000084200000, size: 1982 MB, Compressed Oops mode: 32-bit

CDS archive(s) mapped at: [0x000001f800000000-0x000001f800d70000-0x000001f800d70000), size 14090240, SharedBaseAddress: 0x000001f800000000, ArchiveRelocationMode: 1.
Compressed class space mapped at: 0x000001f801000000-0x000001f841000000, reserved size: 1073741824
Narrow klass base: 0x000001f800000000, Narrow klass shift: 0, Narrow klass range: 0x41000000

GC Precious Log:
 CardTable entry size: 512
 Card Set container configuration: InlinePtr #cards 5 size 8 Array Of Cards #cards 10 size 36 Howl #buckets 4 coarsen threshold 1843 Howl Bitmap #cards 512 size 80 coarsen threshold 460 Card regions per heap region 1 cards per card region 2048
 CPUs: 4 total, 4 available
 Memory: 7926M
 Large Page Support: Disabled
 NUMA Support: Disabled
 Compressed Oops: Enabled (32-bit)
 Heap Region Size: 1M
 Heap Min Capacity: 8M
 Heap Initial Capacity: 124M
 Heap Max Capacity: 1982M
 Pre-touch: Disabled
 Parallel Workers: 4
 Concurrent Workers: 1
 Concurrent Refinement Workers: 4
 Periodic GC: Disabled

Heap:
 garbage-first heap   total reserved 2029568K, committed 126976K, used 27570K [0x0000000084200000, 0x0000000100000000)
  region size 1024K, 22 young (22528K), 4 survivors (4096K)
 Metaspace       used 20491K, committed 20736K, reserved 1114112K
  class space    used 2631K, committed 2752K, reserved 1048576K

Heap Regions: E=young(eden), S=young(survivor), O=old, HS=humongous(starts), HC=humongous(continues), CS=collection set, F=free, TAMS=top-at-mark-start, PB=parsable bottom
|   0|0x0000000084200000, 0x0000000084300000, 0x0000000084300000|100%|HS|  |TAMS 0x0000000084200000| PB 0x0000000084200000| Complete |  0
|   1|0x0000000084300000, 0x0000000084400000, 0x0000000084400000|100%| O|  |TAMS 0x0000000084300000| PB 0x0000000084300000| Untracked |  0
|   2|0x0000000084400000, 0x0000000084500000, 0x0000000084500000|100%| O|  |TAMS 0x0000000084400000| PB 0x0000000084400000| Untracked |  0
|   3|0x0000000084500000, 0x0000000084600000, 0x0000000084600000|100%| O|  |TAMS 0x0000000084500000| PB 0x0000000084500000| Untracked |  0
|   4|0x0000000084600000, 0x0000000084700000, 0x0000000084700000|100%| O|  |TAMS 0x0000000084600000| PB 0x0000000084600000| Untracked |  0
|   5|0x0000000084700000, 0x0000000084800000, 0x0000000084800000|100%| O|  |TAMS 0x0000000084700000| PB 0x0000000084700000| Untracked |  0
|   6|0x0000000084800000, 0x00000000848b1b00, 0x0000000084900000| 69%| O|  |TAMS 0x0000000084800000| PB 0x0000000084800000| Untracked |  0
|   7|0x0000000084900000, 0x0000000084900000, 0x0000000084a00000|  0%| F|  |TAMS 0x0000000084900000| PB 0x0000000084900000| Untracked |  0
|   8|0x0000000084a00000, 0x0000000084a00000, 0x0000000084b00000|  0%| F|  |TAMS 0x0000000084a00000| PB 0x0000000084a00000| Untracked |  0
|   9|0x0000000084b00000, 0x0000000084b00000, 0x0000000084c00000|  0%| F|  |TAMS 0x0000000084b00000| PB 0x0000000084b00000| Untracked |  0
|  10|0x0000000084c00000, 0x0000000084c00000, 0x0000000084d00000|  0%| F|  |TAMS 0x0000000084c00000| PB 0x0000000084c00000| Untracked |  0
|  11|0x0000000084d00000, 0x0000000084d00000, 0x0000000084e00000|  0%| F|  |TAMS 0x0000000084d00000| PB 0x0000000084d00000| Untracked |  0
|  12|0x0000000084e00000, 0x0000000084e00000, 0x0000000084f00000|  0%| F|  |TAMS 0x0000000084e00000| PB 0x0000000084e00000| Untracked |  0
|  13|0x0000000084f00000, 0x0000000084f00000, 0x0000000085000000|  0%| F|  |TAMS 0x0000000084f00000| PB 0x0000000084f00000| Untracked |  0
|  14|0x0000000085000000, 0x0000000085000000, 0x0000000085100000|  0%| F|  |TAMS 0x0000000085000000| PB 0x0000000085000000| Untracked |  0
|  15|0x0000000085100000, 0x0000000085100000, 0x0000000085200000|  0%| F|  |TAMS 0x0000000085100000| PB 0x0000000085100000| Untracked |  0
|  16|0x0000000085200000, 0x0000000085200000, 0x0000000085300000|  0%| F|  |TAMS 0x0000000085200000| PB 0x0000000085200000| Untracked |  0
|  17|0x0000000085300000, 0x0000000085300000, 0x0000000085400000|  0%| F|  |TAMS 0x0000000085300000| PB 0x0000000085300000| Untracked |  0
|  18|0x0000000085400000, 0x0000000085400000, 0x0000000085500000|  0%| F|  |TAMS 0x0000000085400000| PB 0x0000000085400000| Untracked |  0
|  19|0x0000000085500000, 0x0000000085500000, 0x0000000085600000|  0%| F|  |TAMS 0x0000000085500000| PB 0x0000000085500000| Untracked |  0
|  20|0x0000000085600000, 0x0000000085600000, 0x0000000085700000|  0%| F|  |TAMS 0x0000000085600000| PB 0x0000000085600000| Untracked |  0
|  21|0x0000000085700000, 0x0000000085700000, 0x0000000085800000|  0%| F|  |TAMS 0x0000000085700000| PB 0x0000000085700000| Untracked |  0
|  22|0x0000000085800000, 0x0000000085800000, 0x0000000085900000|  0%| F|  |TAMS 0x0000000085800000| PB 0x0000000085800000| Untracked |  0
|  23|0x0000000085900000, 0x0000000085900000, 0x0000000085a00000|  0%| F|  |TAMS 0x0000000085900000| PB 0x0000000085900000| Untracked |  0
|  24|0x0000000085a00000, 0x0000000085a00000, 0x0000000085b00000|  0%| F|  |TAMS 0x0000000085a00000| PB 0x0000000085a00000| Untracked |  0
|  25|0x0000000085b00000, 0x0000000085b00000, 0x0000000085c00000|  0%| F|  |TAMS 0x0000000085b00000| PB 0x0000000085b00000| Untracked |  0
|  26|0x0000000085c00000, 0x0000000085c00000, 0x0000000085d00000|  0%| F|  |TAMS 0x0000000085c00000| PB 0x0000000085c00000| Untracked |  0
|  27|0x0000000085d00000, 0x0000000085d00000, 0x0000000085e00000|  0%| F|  |TAMS 0x0000000085d00000| PB 0x0000000085d00000| Untracked |  0
|  28|0x0000000085e00000, 0x0000000085e00000, 0x0000000085f00000|  0%| F|  |TAMS 0x0000000085e00000| PB 0x0000000085e00000| Untracked |  0
|  29|0x0000000085f00000, 0x0000000085f00000, 0x0000000086000000|  0%| F|  |TAMS 0x0000000085f00000| PB 0x0000000085f00000| Untracked |  0
|  30|0x0000000086000000, 0x0000000086000000, 0x0000000086100000|  0%| F|  |TAMS 0x0000000086000000| PB 0x0000000086000000| Untracked |  0
|  31|0x0000000086100000, 0x0000000086100000, 0x0000000086200000|  0%| F|  |TAMS 0x0000000086100000| PB 0x0000000086100000| Untracked |  0
|  32|0x0000000086200000, 0x0000000086200000, 0x0000000086300000|  0%| F|  |TAMS 0x0000000086200000| PB 0x0000000086200000| Untracked |  0
|  33|0x0000000086300000, 0x0000000086300000, 0x0000000086400000|  0%| F|  |TAMS 0x0000000086300000| PB 0x0000000086300000| Untracked |  0
|  34|0x0000000086400000, 0x0000000086400000, 0x0000000086500000|  0%| F|  |TAMS 0x0000000086400000| PB 0x0000000086400000| Untracked |  0
|  35|0x0000000086500000, 0x0000000086500000, 0x0000000086600000|  0%| F|  |TAMS 0x0000000086500000| PB 0x0000000086500000| Untracked |  0
|  36|0x0000000086600000, 0x0000000086600000, 0x0000000086700000|  0%| F|  |TAMS 0x0000000086600000| PB 0x0000000086600000| Untracked |  0
|  37|0x0000000086700000, 0x0000000086700000, 0x0000000086800000|  0%| F|  |TAMS 0x0000000086700000| PB 0x0000000086700000| Untracked |  0
|  38|0x0000000086800000, 0x0000000086800000, 0x0000000086900000|  0%| F|  |TAMS 0x0000000086800000| PB 0x0000000086800000| Untracked |  0
|  39|0x0000000086900000, 0x0000000086900000, 0x0000000086a00000|  0%| F|  |TAMS 0x0000000086900000| PB 0x0000000086900000| Untracked |  0
|  40|0x0000000086a00000, 0x0000000086a00000, 0x0000000086b00000|  0%| F|  |TAMS 0x0000000086a00000| PB 0x0000000086a00000| Untracked |  0
|  41|0x0000000086b00000, 0x0000000086b00000, 0x0000000086c00000|  0%| F|  |TAMS 0x0000000086b00000| PB 0x0000000086b00000| Untracked |  0
|  42|0x0000000086c00000, 0x0000000086c00000, 0x0000000086d00000|  0%| F|  |TAMS 0x0000000086c00000| PB 0x0000000086c00000| Untracked |  0
|  43|0x0000000086d00000, 0x0000000086d00000, 0x0000000086e00000|  0%| F|  |TAMS 0x0000000086d00000| PB 0x0000000086d00000| Untracked |  0
|  44|0x0000000086e00000, 0x0000000086e00000, 0x0000000086f00000|  0%| F|  |TAMS 0x0000000086e00000| PB 0x0000000086e00000| Untracked |  0
|  45|0x0000000086f00000, 0x0000000086f00000, 0x0000000087000000|  0%| F|  |TAMS 0x0000000086f00000| PB 0x0000000086f00000| Untracked |  0
|  46|0x0000000087000000, 0x0000000087000000, 0x0000000087100000|  0%| F|  |TAMS 0x0000000087000000| PB 0x0000000087000000| Untracked |  0
|  47|0x0000000087100000, 0x0000000087100000, 0x0000000087200000|  0%| F|  |TAMS 0x0000000087100000| PB 0x0000000087100000| Untracked |  0
|  48|0x0000000087200000, 0x0000000087200000, 0x0000000087300000|  0%| F|  |TAMS 0x0000000087200000| PB 0x0000000087200000| Untracked |  0
|  49|0x0000000087300000, 0x0000000087300000, 0x0000000087400000|  0%| F|  |TAMS 0x0000000087300000| PB 0x0000000087300000| Untracked |  0
|  50|0x0000000087400000, 0x0000000087400000, 0x0000000087500000|  0%| F|  |TAMS 0x0000000087400000| PB 0x0000000087400000| Untracked |  0
|  51|0x0000000087500000, 0x0000000087500000, 0x0000000087600000|  0%| F|  |TAMS 0x0000000087500000| PB 0x0000000087500000| Untracked |  0
|  52|0x0000000087600000, 0x0000000087600000, 0x0000000087700000|  0%| F|  |TAMS 0x0000000087600000| PB 0x0000000087600000| Untracked |  0
|  53|0x0000000087700000, 0x0000000087700000, 0x0000000087800000|  0%| F|  |TAMS 0x0000000087700000| PB 0x0000000087700000| Untracked |  0
|  54|0x0000000087800000, 0x0000000087800000, 0x0000000087900000|  0%| F|  |TAMS 0x0000000087800000| PB 0x0000000087800000| Untracked |  0
|  55|0x0000000087900000, 0x0000000087900000, 0x0000000087a00000|  0%| F|  |TAMS 0x0000000087900000| PB 0x0000000087900000| Untracked |  0
|  56|0x0000000087a00000, 0x0000000087a00000, 0x0000000087b00000|  0%| F|  |TAMS 0x0000000087a00000| PB 0x0000000087a00000| Untracked |  0
|  57|0x0000000087b00000, 0x0000000087b00000, 0x0000000087c00000|  0%| F|  |TAMS 0x0000000087b00000| PB 0x0000000087b00000| Untracked |  0
|  58|0x0000000087c00000, 0x0000000087c00000, 0x0000000087d00000|  0%| F|  |TAMS 0x0000000087c00000| PB 0x0000000087c00000| Untracked |  0
|  59|0x0000000087d00000, 0x0000000087d00000, 0x0000000087e00000|  0%| F|  |TAMS 0x0000000087d00000| PB 0x0000000087d00000| Untracked |  0
|  60|0x0000000087e00000, 0x0000000087e00000, 0x0000000087f00000|  0%| F|  |TAMS 0x0000000087e00000| PB 0x0000000087e00000| Untracked |  0
|  61|0x0000000087f00000, 0x0000000087f00000, 0x0000000088000000|  0%| F|  |TAMS 0x0000000087f00000| PB 0x0000000087f00000| Untracked |  0
|  62|0x0000000088000000, 0x0000000088000000, 0x0000000088100000|  0%| F|  |TAMS 0x0000000088000000| PB 0x0000000088000000| Untracked |  0
|  63|0x0000000088100000, 0x0000000088100000, 0x0000000088200000|  0%| F|  |TAMS 0x0000000088100000| PB 0x0000000088100000| Untracked |  0
|  64|0x0000000088200000, 0x0000000088200000, 0x0000000088300000|  0%| F|  |TAMS 0x0000000088200000| PB 0x0000000088200000| Untracked |  0
|  65|0x0000000088300000, 0x0000000088300000, 0x0000000088400000|  0%| F|  |TAMS 0x0000000088300000| PB 0x0000000088300000| Untracked |  0
|  66|0x0000000088400000, 0x0000000088400000, 0x0000000088500000|  0%| F|  |TAMS 0x0000000088400000| PB 0x0000000088400000| Untracked |  0
|  67|0x0000000088500000, 0x0000000088500000, 0x0000000088600000|  0%| F|  |TAMS 0x0000000088500000| PB 0x0000000088500000| Untracked |  0
|  68|0x0000000088600000, 0x0000000088600000, 0x0000000088700000|  0%| F|  |TAMS 0x0000000088600000| PB 0x0000000088600000| Untracked |  0
|  69|0x0000000088700000, 0x0000000088700000, 0x0000000088800000|  0%| F|  |TAMS 0x0000000088700000| PB 0x0000000088700000| Untracked |  0
|  70|0x0000000088800000, 0x0000000088800000, 0x0000000088900000|  0%| F|  |TAMS 0x0000000088800000| PB 0x0000000088800000| Untracked |  0
|  71|0x0000000088900000, 0x0000000088900000, 0x0000000088a00000|  0%| F|  |TAMS 0x0000000088900000| PB 0x0000000088900000| Untracked |  0
|  72|0x0000000088a00000, 0x0000000088a00000, 0x0000000088b00000|  0%| F|  |TAMS 0x0000000088a00000| PB 0x0000000088a00000| Untracked |  0
|  73|0x0000000088b00000, 0x0000000088b00000, 0x0000000088c00000|  0%| F|  |TAMS 0x0000000088b00000| PB 0x0000000088b00000| Untracked |  0
|  74|0x0000000088c00000, 0x0000000088c00000, 0x0000000088d00000|  0%| F|  |TAMS 0x0000000088c00000| PB 0x0000000088c00000| Untracked |  0
|  75|0x0000000088d00000, 0x0000000088d00000, 0x0000000088e00000|  0%| F|  |TAMS 0x0000000088d00000| PB 0x0000000088d00000| Untracked |  0
|  76|0x0000000088e00000, 0x0000000088e00000, 0x0000000088f00000|  0%| F|  |TAMS 0x0000000088e00000| PB 0x0000000088e00000| Untracked |  0
|  77|0x0000000088f00000, 0x0000000088f00000, 0x0000000089000000|  0%| F|  |TAMS 0x0000000088f00000| PB 0x0000000088f00000| Untracked |  0
|  78|0x0000000089000000, 0x0000000089000000, 0x0000000089100000|  0%| F|  |TAMS 0x0000000089000000| PB 0x0000000089000000| Untracked |  0
|  79|0x0000000089100000, 0x0000000089100000, 0x0000000089200000|  0%| F|  |TAMS 0x0000000089100000| PB 0x0000000089100000| Untracked |  0
|  80|0x0000000089200000, 0x0000000089200000, 0x0000000089300000|  0%| F|  |TAMS 0x0000000089200000| PB 0x0000000089200000| Untracked |  0
|  81|0x0000000089300000, 0x0000000089300000, 0x0000000089400000|  0%| F|  |TAMS 0x0000000089300000| PB 0x0000000089300000| Untracked |  0
|  82|0x0000000089400000, 0x0000000089400000, 0x0000000089500000|  0%| F|  |TAMS 0x0000000089400000| PB 0x0000000089400000| Untracked |  0
|  83|0x0000000089500000, 0x0000000089500000, 0x0000000089600000|  0%| F|  |TAMS 0x0000000089500000| PB 0x0000000089500000| Untracked |  0
|  84|0x0000000089600000, 0x0000000089600000, 0x0000000089700000|  0%| F|  |TAMS 0x0000000089600000| PB 0x0000000089600000| Untracked |  0
|  85|0x0000000089700000, 0x0000000089700000, 0x0000000089800000|  0%| F|  |TAMS 0x0000000089700000| PB 0x0000000089700000| Untracked |  0
|  86|0x0000000089800000, 0x0000000089800000, 0x0000000089900000|  0%| F|  |TAMS 0x0000000089800000| PB 0x0000000089800000| Untracked |  0
|  87|0x0000000089900000, 0x0000000089900000, 0x0000000089a00000|  0%| F|  |TAMS 0x0000000089900000| PB 0x0000000089900000| Untracked |  0
|  88|0x0000000089a00000, 0x0000000089a00000, 0x0000000089b00000|  0%| F|  |TAMS 0x0000000089a00000| PB 0x0000000089a00000| Untracked |  0
|  89|0x0000000089b00000, 0x0000000089b3ad20, 0x0000000089c00000| 22%| S|CS|TAMS 0x0000000089b00000| PB 0x0000000089b00000| Complete |  0
|  90|0x0000000089c00000, 0x0000000089d00000, 0x0000000089d00000|100%| S|CS|TAMS 0x0000000089c00000| PB 0x0000000089c00000| Complete |  0
|  91|0x0000000089d00000, 0x0000000089e00000, 0x0000000089e00000|100%| S|CS|TAMS 0x0000000089d00000| PB 0x0000000089d00000| Complete |  0
|  92|0x0000000089e00000, 0x0000000089f00000, 0x0000000089f00000|100%| S|CS|TAMS 0x0000000089e00000| PB 0x0000000089e00000| Complete |  0
|  93|0x0000000089f00000, 0x0000000089f00000, 0x000000008a000000|  0%| F|  |TAMS 0x0000000089f00000| PB 0x0000000089f00000| Untracked |  0
|  94|0x000000008a000000, 0x000000008a000000, 0x000000008a100000|  0%| F|  |TAMS 0x000000008a000000| PB 0x000000008a000000| Untracked |  0
|  95|0x000000008a100000, 0x000000008a100000, 0x000000008a200000|  0%| F|  |TAMS 0x000000008a100000| PB 0x000000008a100000| Untracked |  0
|  96|0x000000008a200000, 0x000000008a200000, 0x000000008a300000|  0%| F|  |TAMS 0x000000008a200000| PB 0x000000008a200000| Untracked |  0
|  97|0x000000008a300000, 0x000000008a300000, 0x000000008a400000|  0%| F|  |TAMS 0x000000008a300000| PB 0x000000008a300000| Untracked |  0
|  98|0x000000008a400000, 0x000000008a400000, 0x000000008a500000|  0%| F|  |TAMS 0x000000008a400000| PB 0x000000008a400000| Untracked |  0
|  99|0x000000008a500000, 0x000000008a500000, 0x000000008a600000|  0%| F|  |TAMS 0x000000008a500000| PB 0x000000008a500000| Untracked |  0
| 100|0x000000008a600000, 0x000000008a600000, 0x000000008a700000|  0%| F|  |TAMS 0x000000008a600000| PB 0x000000008a600000| Untracked |  0
| 101|0x000000008a700000, 0x000000008a700000, 0x000000008a800000|  0%| F|  |TAMS 0x000000008a700000| PB 0x000000008a700000| Untracked |  0
| 102|0x000000008a800000, 0x000000008a800000, 0x000000008a900000|  0%| F|  |TAMS 0x000000008a800000| PB 0x000000008a800000| Untracked |  0
| 103|0x000000008a900000, 0x000000008a900000, 0x000000008aa00000|  0%| F|  |TAMS 0x000000008a900000| PB 0x000000008a900000| Untracked |  0
| 104|0x000000008aa00000, 0x000000008aa00000, 0x000000008ab00000|  0%| F|  |TAMS 0x000000008aa00000| PB 0x000000008aa00000| Untracked |  0
| 105|0x000000008ab00000, 0x000000008ab00000, 0x000000008ac00000|  0%| F|  |TAMS 0x000000008ab00000| PB 0x000000008ab00000| Untracked |  0
| 106|0x000000008ac00000, 0x000000008ad00000, 0x000000008ad00000|100%| E|  |TAMS 0x000000008ac00000| PB 0x000000008ac00000| Complete |  0
| 107|0x000000008ad00000, 0x000000008ae00000, 0x000000008ae00000|100%| E|CS|TAMS 0x000000008ad00000| PB 0x000000008ad00000| Complete |  0
| 108|0x000000008ae00000, 0x000000008af00000, 0x000000008af00000|100%| E|CS|TAMS 0x000000008ae00000| PB 0x000000008ae00000| Complete |  0
| 109|0x000000008af00000, 0x000000008b000000, 0x000000008b000000|100%| E|CS|TAMS 0x000000008af00000| PB 0x000000008af00000| Complete |  0
| 110|0x000000008b000000, 0x000000008b100000, 0x000000008b100000|100%| E|CS|TAMS 0x000000008b000000| PB 0x000000008b000000| Complete |  0
| 111|0x000000008b100000, 0x000000008b200000, 0x000000008b200000|100%| E|CS|TAMS 0x000000008b100000| PB 0x000000008b100000| Complete |  0
| 112|0x000000008b200000, 0x000000008b300000, 0x000000008b300000|100%| E|CS|TAMS 0x000000008b200000| PB 0x000000008b200000| Complete |  0
| 113|0x000000008b300000, 0x000000008b400000, 0x000000008b400000|100%| E|CS|TAMS 0x000000008b300000| PB 0x000000008b300000| Complete |  0
| 114|0x000000008b400000, 0x000000008b500000, 0x000000008b500000|100%| E|CS|TAMS 0x000000008b400000| PB 0x000000008b400000| Complete |  0
| 115|0x000000008b500000, 0x000000008b600000, 0x000000008b600000|100%| E|CS|TAMS 0x000000008b500000| PB 0x000000008b500000| Complete |  0
| 116|0x000000008b600000, 0x000000008b700000, 0x000000008b700000|100%| E|CS|TAMS 0x000000008b600000| PB 0x000000008b600000| Complete |  0
| 117|0x000000008b700000, 0x000000008b800000, 0x000000008b800000|100%| E|CS|TAMS 0x000000008b700000| PB 0x000000008b700000| Complete |  0
| 118|0x000000008b800000, 0x000000008b900000, 0x000000008b900000|100%| E|CS|TAMS 0x000000008b800000| PB 0x000000008b800000| Complete |  0
| 119|0x000000008b900000, 0x000000008ba00000, 0x000000008ba00000|100%| E|CS|TAMS 0x000000008b900000| PB 0x000000008b900000| Complete |  0
| 120|0x000000008ba00000, 0x000000008bb00000, 0x000000008bb00000|100%| E|CS|TAMS 0x000000008ba00000| PB 0x000000008ba00000| Complete |  0
| 121|0x000000008bb00000, 0x000000008bc00000, 0x000000008bc00000|100%| E|CS|TAMS 0x000000008bb00000| PB 0x000000008bb00000| Complete |  0
| 122|0x000000008bc00000, 0x000000008bd00000, 0x000000008bd00000|100%| E|CS|TAMS 0x000000008bc00000| PB 0x000000008bc00000| Complete |  0
| 123|0x000000008bd00000, 0x000000008be00000, 0x000000008be00000|100%| E|CS|TAMS 0x000000008bd00000| PB 0x000000008bd00000| Complete |  0

Card table byte_map: [0x000001f86b8d0000,0x000001f86bcb0000] _byte_map_base: 0x000001f86b4af000

Marking Bits: (CMBitMap*) 0x000001f853e1f220
 Bits: [0x000001f86bcb0000, 0x000001f86dba8000)

Polling page: 0x000001f851970000

Metaspace:

Usage:
  Non-class:     17.44 MB used.
      Class:      2.57 MB used.
       Both:     20.01 MB used.

Virtual space:
  Non-class space:       64.00 MB reserved,      17.56 MB ( 27%) committed,  1 nodes.
      Class space:        1.00 GB reserved,       2.69 MB ( <1%) committed,  1 nodes.
             Both:        1.06 GB reserved,      20.25 MB (  2%) committed. 

Chunk freelists:
   Non-Class:  14.17 MB
       Class:  13.23 MB
        Both:  27.40 MB

MaxMetaspaceSize: unlimited
CompressedClassSpaceSize: 1.00 GB
Initial GC threshold: 21.00 MB
Current GC threshold: 21.00 MB
CDS: on
 - commit_granule_bytes: 65536.
 - commit_granule_words: 8192.
 - virtual_space_node_default_size: 8388608.
 - enlarge_chunks_in_place: 1.
 - use_allocation_guard: 0.


Internal statistics:

num_allocs_failed_limit: 0.
num_arena_births: 264.
num_arena_deaths: 0.
num_vsnodes_births: 2.
num_vsnodes_deaths: 0.
num_space_committed: 324.
num_space_uncommitted: 0.
num_chunks_returned_to_freelist: 0.
num_chunks_taken_from_freelist: 881.
num_chunk_merges: 0.
num_chunk_splits: 603.
num_chunks_enlarged: 444.
num_inconsistent_stats: 0.

CodeHeap 'non-profiled nmethods': size=120064Kb used=873Kb max_used=873Kb free=119191Kb
 bounds [0x000001f863fb0000, 0x000001f864220000, 0x000001f86b4f0000]
CodeHeap 'profiled nmethods': size=120000Kb used=3792Kb max_used=3792Kb free=116207Kb
 bounds [0x000001f85c4f0000, 0x000001f85c8b0000, 0x000001f863a20000]
CodeHeap 'non-nmethods': size=5696Kb used=1583Kb max_used=1601Kb free=4112Kb
 bounds [0x000001f863a20000, 0x000001f863c90000, 0x000001f863fb0000]
CodeCache: size=245760Kb, used=6248Kb, max_used=6266Kb, free=239510Kb
 total_blobs=3212, nmethods=2661, adapters=456, full_count=0
Compilation: enabled, stopped_count=0, restarted_count=0

Compilation events (20 events):
Event: 12.979 Thread 0x000001f8701cae00 2639       3       java.util.HashSet::isEmpty (8 bytes)
Event: 12.979 Thread 0x000001f8701cae00 nmethod 2639 0x000001f85c899488 code [0x000001f85c8995a0, 0x000001f85c8997e8]
Event: 12.980 Thread 0x000001f8701cae00 2640   !   3       org.springframework.core.type.filter.AbstractTypeHierarchyTraversingFilter::match (245 bytes)
Event: 12.981 Thread 0x000001f8701cae00 nmethod 2640 0x000001f85c899808 code [0x000001f85c899b00, 0x000001f85c89b128]
Event: 12.981 Thread 0x000001f8701cae00 2641       1       sun.security.util.KnownOIDs::aliases (5 bytes)
Event: 12.982 Thread 0x000001f8701cae00 nmethod 2641 0x000001f864088508 code [0x000001f864088620, 0x000001f8640886e8]
Event: 12.984 Thread 0x000001f8701cae00 2642       3       java.security.Provider$Service::<init> (200 bytes)
Event: 12.985 Thread 0x000001f8701cae00 nmethod 2642 0x000001f85c89b208 code [0x000001f85c89b500, 0x000001f85c89ce50]
Event: 12.986 Thread 0x000001f8701cae00 2643   !   3       java.security.Provider::putService (244 bytes)
Event: 12.987 Thread 0x000001f8701cae00 nmethod 2643 0x000001f85c89cf08 code [0x000001f85c89d200, 0x000001f85c89e7f8]
Event: 13.013 Thread 0x000001f8701cae00 2644       3       org.springframework.context.annotation.ClassPathScanningCandidateComponentProvider::getMetadataReaderFactory (23 bytes)
Event: 13.014 Thread 0x000001f8701cae00 nmethod 2644 0x000001f85c89e888 code [0x000001f85c89e9e0, 0x000001f85c89ee58]
Event: 13.030 Thread 0x000001f8701cae00 2645       3       java.io.FileDescriptor::valid (25 bytes)
Event: 13.030 Thread 0x000001f8701cae00 nmethod 2645 0x000001f85c89ef08 code [0x000001f85c89f020, 0x000001f85c89f1b8]
Event: 13.045 Thread 0x000001f846355b30 2646       4       org.springframework.asm.ClassReader::readUtf (44 bytes)
Event: 13.113 Thread 0x000001f8701cae00 2647       3       java.lang.Thread::isVirtual (5 bytes)
Event: 13.113 Thread 0x000001f8701cae00 nmethod 2647 0x000001f85c89f208 code [0x000001f85c89f320, 0x000001f85c89f508]
Event: 13.113 Thread 0x000001f8701cae00 2648       3       java.util.LinkedHashSet::<init> (9 bytes)
Event: 13.113 Thread 0x000001f8701cae00 nmethod 2648 0x000001f85c89f588 code [0x000001f85c89f6c0, 0x000001f85c89f808]
Event: 13.269 Thread 0x000001f8701cae00 2649       3       org.springframework.core.type.classreading.SimpleMethodMetadataReadingVisitor::visitEnd (56 bytes)

GC Heap History (6 events):
Event: 6.097 GC heap before
{Heap before GC invocations=0 (full 0):
 garbage-first heap   total reserved 2029568K, committed 126976K, used 14336K [0x0000000084200000, 0x0000000100000000)
  region size 1024K, 14 young (14336K), 0 survivors (0K)
 Metaspace       used 3794K, committed 4032K, reserved 1114112K
  class space    used 402K, committed 512K, reserved 1048576K
}
Event: 6.202 GC heap after
{Heap after GC invocations=1 (full 0):
 garbage-first heap   total reserved 2029568K, committed 126976K, used 6656K [0x0000000084200000, 0x0000000100000000)
  region size 1024K, 2 young (2048K), 2 survivors (2048K)
 Metaspace       used 3794K, committed 4032K, reserved 1114112K
  class space    used 402K, committed 512K, reserved 1048576K
}
Event: 9.764 GC heap before
{Heap before GC invocations=1 (full 0):
 garbage-first heap   total reserved 2029568K, committed 126976K, used 16896K [0x0000000084200000, 0x0000000100000000)
  region size 1024K, 13 young (13312K), 2 survivors (2048K)
 Metaspace       used 7234K, committed 7552K, reserved 1114112K
  class space    used 885K, committed 1024K, reserved 1048576K
}
Event: 9.772 GC heap after
{Heap after GC invocations=2 (full 0):
 garbage-first heap   total reserved 2029568K, committed 126976K, used 7878K [0x0000000084200000, 0x0000000100000000)
  region size 1024K, 1 young (1024K), 1 survivors (1024K)
 Metaspace       used 7234K, committed 7552K, reserved 1114112K
  class space    used 885K, committed 1024K, reserved 1048576K
}
Event: 11.435 GC heap before
{Heap before GC invocations=2 (full 0):
 garbage-first heap   total reserved 2029568K, committed 126976K, used 37574K [0x0000000084200000, 0x0000000100000000)
  region size 1024K, 31 young (31744K), 1 survivors (1024K)
 Metaspace       used 16305K, committed 16576K, reserved 1114112K
  class space    used 2120K, committed 2240K, reserved 1048576K
}
Event: 11.441 GC heap after
{Heap after GC invocations=3 (full 0):
 garbage-first heap   total reserved 2029568K, committed 126976K, used 10162K [0x0000000084200000, 0x0000000100000000)
  region size 1024K, 4 young (4096K), 4 survivors (4096K)
 Metaspace       used 16305K, committed 16576K, reserved 1114112K
  class space    used 2120K, committed 2240K, reserved 1048576K
}

Dll operation events (10 events):
Event: 0.015 Loaded shared library C:\Users\ADMIN\.jdks\openjdk-23.0.1\bin\java.dll
Event: 0.057 Loaded shared library C:\Users\ADMIN\.jdks\openjdk-23.0.1\bin\jsvml.dll
Event: 0.192 Loaded shared library C:\Users\ADMIN\.jdks\openjdk-23.0.1\bin\zip.dll
Event: 0.197 Loaded shared library C:\Users\ADMIN\.jdks\openjdk-23.0.1\bin\instrument.dll
Event: 0.203 Loaded shared library C:\Users\ADMIN\.jdks\openjdk-23.0.1\bin\net.dll
Event: 0.205 Loaded shared library C:\Users\ADMIN\.jdks\openjdk-23.0.1\bin\nio.dll
Event: 0.209 Loaded shared library C:\Users\ADMIN\.jdks\openjdk-23.0.1\bin\zip.dll
Event: 2.556 Loaded shared library C:\Program Files\JetBrains\IntelliJ IDEA Community Edition 2024.2.4\bin\breakgen64.dll
Event: 2.594 Loaded shared library C:\Users\ADMIN\.jdks\openjdk-23.0.1\bin\extnet.dll
Event: 2.668 Loaded shared library C:\Users\ADMIN\.jdks\openjdk-23.0.1\bin\jimage.dll

Deoptimization events (20 events):
Event: 12.069 Thread 0x000001f845b46110 Uncommon trap: trap_request=0xffffff45 fr.pc=0x000001f864045624 relative=0x00000000000004e4
Event: 12.069 Thread 0x000001f845b46110 Uncommon trap: reason=unstable_if action=reinterpret pc=0x000001f864045624 method=java.lang.AbstractStringBuilder.isLatin1()Z @ 10 c2
Event: 12.069 Thread 0x000001f845b46110 DEOPT PACKING pc=0x000001f864045624 sp=0x0000000efe0fe150
Event: 12.069 Thread 0x000001f845b46110 DEOPT UNPACKING pc=0x000001f863a77982 sp=0x0000000efe0fe0a8 mode 2
Event: 12.922 Thread 0x000001f845b46110 Uncommon trap: trap_request=0xffffffc6 fr.pc=0x000001f864061470 relative=0x00000000000008b0
Event: 12.922 Thread 0x000001f845b46110 Uncommon trap: reason=bimorphic_or_optimized_type_check action=maybe_recompile pc=0x000001f864061470 method=java.util.HashMap.putVal(ILjava/lang/Object;Ljava/lang/Object;ZZ)Ljava/lang/Object; @ 203 c2
Event: 12.922 Thread 0x000001f845b46110 DEOPT PACKING pc=0x000001f864061470 sp=0x0000000efe0fd6d0
Event: 12.922 Thread 0x000001f845b46110 DEOPT UNPACKING pc=0x000001f863a77982 sp=0x0000000efe0fd660 mode 2
Event: 12.924 Thread 0x000001f845b46110 Uncommon trap: trap_request=0xffffffc6 fr.pc=0x000001f864061470 relative=0x00000000000008b0
Event: 12.924 Thread 0x000001f845b46110 Uncommon trap: reason=bimorphic_or_optimized_type_check action=maybe_recompile pc=0x000001f864061470 method=java.util.HashMap.putVal(ILjava/lang/Object;Ljava/lang/Object;ZZ)Ljava/lang/Object; @ 203 c2
Event: 12.924 Thread 0x000001f845b46110 DEOPT PACKING pc=0x000001f864061470 sp=0x0000000efe0fd6d0
Event: 12.924 Thread 0x000001f845b46110 DEOPT UNPACKING pc=0x000001f863a77982 sp=0x0000000efe0fd660 mode 2
Event: 12.924 Thread 0x000001f845b46110 Uncommon trap: trap_request=0xffffffc6 fr.pc=0x000001f864061470 relative=0x00000000000008b0
Event: 12.924 Thread 0x000001f845b46110 Uncommon trap: reason=bimorphic_or_optimized_type_check action=maybe_recompile pc=0x000001f864061470 method=java.util.HashMap.putVal(ILjava/lang/Object;Ljava/lang/Object;ZZ)Ljava/lang/Object; @ 203 c2
Event: 12.924 Thread 0x000001f845b46110 DEOPT PACKING pc=0x000001f864061470 sp=0x0000000efe0fd6d0
Event: 12.924 Thread 0x000001f845b46110 DEOPT UNPACKING pc=0x000001f863a77982 sp=0x0000000efe0fd660 mode 2
Event: 12.931 Thread 0x000001f845b46110 Uncommon trap: trap_request=0xffffffc6 fr.pc=0x000001f864061470 relative=0x00000000000008b0
Event: 12.931 Thread 0x000001f845b46110 Uncommon trap: reason=bimorphic_or_optimized_type_check action=maybe_recompile pc=0x000001f864061470 method=java.util.HashMap.putVal(ILjava/lang/Object;Ljava/lang/Object;ZZ)Ljava/lang/Object; @ 203 c2
Event: 12.931 Thread 0x000001f845b46110 DEOPT PACKING pc=0x000001f864061470 sp=0x0000000efe0fd6d0
Event: 12.931 Thread 0x000001f845b46110 DEOPT UNPACKING pc=0x000001f863a77982 sp=0x0000000efe0fd660 mode 2

Classes loaded (20 events):
Event: 12.918 Loading class sun/security/util/ByteArrayLexOrder
Event: 12.918 Loading class sun/security/util/ByteArrayLexOrder done
Event: 12.918 Loading class sun/security/util/ByteArrayTagOrder
Event: 12.918 Loading class sun/security/util/ByteArrayTagOrder done
Event: 12.918 Loading class sun/security/util/ObjectIdentifier
Event: 12.918 Loading class sun/security/util/ObjectIdentifier done
Event: 12.928 Loading class java/security/spec/ECFieldF2m
Event: 12.929 Loading class java/security/spec/ECFieldF2m done
Event: 12.967 Loading class sun/security/ssl/SunJSSE
Event: 12.973 Loading class sun/security/ssl/SunJSSE done
Event: 12.978 Loading class com/sun/crypto/provider/SunJCE
Event: 12.979 Loading class com/sun/crypto/provider/SunJCE done
Event: 12.989 Loading class sun/security/jca/ProviderConfig$3
Event: 12.993 Loading class sun/security/jca/ProviderConfig$3 done
Event: 12.993 Loading class sun/security/jca/ProviderConfig$ProviderLoader
Event: 12.995 Loading class sun/security/jca/ProviderConfig$ProviderLoader done
Event: 13.003 Loading class java/security/ProviderException
Event: 13.004 Loading class java/security/ProviderException done
Event: 13.005 Loading class java/security/InvalidParameterException
Event: 13.006 Loading class java/security/InvalidParameterException done

Classes unloaded (0 events):
No events

Classes redefined (0 events):
No events

Internal exceptions (20 events):
Event: 9.974 Thread 0x000001f853dc9380 Exception <a 'java/lang/NoSuchMethodError'{0x000000008bc96f48}: 'java.lang.Object java.lang.invoke.Invokers$Holder.linkToTargetMethod(java.lang.Object, java.lang.Object, int, java.lang.Object, java.lang.Object)'> (0x000000008bc96f48) 
thrown [s\open\src\hotspot\share\interpreter\linkResolver.cpp, line 796]
Event: 9.975 Thread 0x000001f853dc9380 Exception <a 'java/lang/NoSuchMethodError'{0x000000008bc9db18}: 'int java.lang.invoke.DirectMethodHandle$Holder.invokeStatic(java.lang.Object, int, java.lang.Object, java.lang.Object)'> (0x000000008bc9db18) 
thrown [s\open\src\hotspot\share\interpreter\linkResolver.cpp, line 796]
Event: 9.985 Thread 0x000001f853dc9380 Exception <a 'java/lang/NoSuchMethodError'{0x000000008bca4ce0}: 'java.lang.Object java.lang.invoke.DirectMethodHandle$Holder.newInvokeSpecial(java.lang.Object, int, java.lang.Object)'> (0x000000008bca4ce0) 
thrown [s\open\src\hotspot\share\interpreter\linkResolver.cpp, line 796]
Event: 9.985 Thread 0x000001f853dc9380 Exception <a 'java/lang/NoSuchMethodError'{0x000000008bca9920}: 'int java.lang.invoke.DirectMethodHandle$Holder.invokeSpecialIFC(java.lang.Object, java.lang.Object, java.lang.Object, java.lang.Object)'> (0x000000008bca9920) 
thrown [s\open\src\hotspot\share\interpreter\linkResolver.cpp, line 796]
Event: 10.203 Thread 0x000001f853dc9380 Exception <a 'java/lang/NoSuchMethodError'{0x000000008bb917d0}: 'void java.lang.invoke.DirectMethodHandle$Holder.invokeInterface(java.lang.Object, java.lang.Object, java.lang.Object)'> (0x000000008bb917d0) 
thrown [s\open\src\hotspot\share\interpreter\linkResolver.cpp, line 796]
Event: 10.289 Thread 0x000001f853dc9380 Exception <a 'java/lang/NoSuchMethodError'{0x000000008ba1de58}: 'void java.lang.invoke.DirectMethodHandle$Holder.invokeStaticInit(java.lang.Object, java.lang.Object, java.lang.Object)'> (0x000000008ba1de58) 
thrown [s\open\src\hotspot\share\interpreter\linkResolver.cpp, line 796]
Event: 10.301 Thread 0x000001f853dc9380 Exception <a 'java/lang/NoSuchMethodError'{0x000000008ba63528}: 'java.lang.Object java.lang.invoke.DirectMethodHandle$Holder.invokeVirtual(java.lang.Object, java.lang.Object, java.lang.Object)'> (0x000000008ba63528) 
thrown [s\open\src\hotspot\share\interpreter\linkResolver.cpp, line 796]
Event: 10.317 Thread 0x000001f853dc9380 Exception <a 'java/lang/NoSuchMethodError'{0x000000008ba85058}: 'java.lang.Object java.lang.invoke.DirectMethodHandle$Holder.invokeStatic(java.lang.Object, long, java.lang.Object)'> (0x000000008ba85058) 
thrown [s\open\src\hotspot\share\interpreter\linkResolver.cpp, line 796]
Event: 10.317 Thread 0x000001f853dc9380 Exception <a 'java/lang/NoSuchMethodError'{0x000000008ba886f8}: 'java.lang.Object java.lang.invoke.DirectMethodHandle$Holder.invokeStaticInit(java.lang.Object, long, java.lang.Object)'> (0x000000008ba886f8) 
thrown [s\open\src\hotspot\share\interpreter\linkResolver.cpp, line 796]
Event: 10.317 Thread 0x000001f853dc9380 Exception <a 'java/lang/NoSuchMethodError'{0x000000008ba8e230}: 'java.lang.Object java.lang.invoke.DirectMethodHandle$Holder.newInvokeSpecial(java.lang.Object, long)'> (0x000000008ba8e230) 
thrown [s\open\src\hotspot\share\interpreter\linkResolver.cpp, line 796]
Event: 10.359 Thread 0x000001f853dc9380 Exception <a 'java/lang/NoSuchMethodError'{0x000000008baee900}: 'void java.lang.invoke.DirectMethodHandle$Holder.invokeVirtual(java.lang.Object, java.lang.Object, java.lang.Object, java.lang.Object)'> (0x000000008baee900) 
thrown [s\open\src\hotspot\share\interpreter\linkResolver.cpp, line 796]
Event: 10.573 Thread 0x000001f853dc9380 Exception <a 'java/lang/IncompatibleClassChangeError'{0x000000008b88cb40}: Found class java.lang.Object, but interface was expected> (0x000000008b88cb40) 
thrown [s\open\src\hotspot\share\interpreter\linkResolver.cpp, line 863]
Event: 11.311 Thread 0x000001f853dc9380 Exception <a 'java/lang/NoSuchMethodError'{0x000000008a3dabb8}: 'int java.lang.invoke.DirectMethodHandle$Holder.invokeSpecial(java.lang.Object, java.lang.Object, java.lang.Object, java.lang.Object, java.lang.Object)'> (0x000000008a3dabb8) 
thrown [s\open\src\hotspot\share\interpreter\linkResolver.cpp, line 796]
Event: 11.327 Thread 0x000001f853dc9380 Exception <a 'java/lang/NoSuchMethodError'{0x000000008a3e2fc0}: 'void java.lang.invoke.DirectMethodHandle$Holder.invokeVirtual(java.lang.Object, java.lang.Object)'> (0x000000008a3e2fc0) 
thrown [s\open\src\hotspot\share\interpreter\linkResolver.cpp, line 796]
Event: 12.006 Thread 0x000001f845b46110 Exception <a 'java/lang/NoSuchMethodError'{0x000000008b08b310}: 'long java.lang.invoke.DirectMethodHandle$Holder.invokeSpecial(java.lang.Object, java.lang.Object)'> (0x000000008b08b310) 
thrown [s\open\src\hotspot\share\interpreter\linkResolver.cpp, line 796]
Event: 12.007 Thread 0x000001f845b46110 Exception <a 'java/lang/NoSuchMethodError'{0x000000008b094f80}: 'long java.lang.invoke.DirectMethodHandle$Holder.invokeStatic(java.lang.Object, java.lang.Object)'> (0x000000008b094f80) 
thrown [s\open\src\hotspot\share\interpreter\linkResolver.cpp, line 796]
Event: 12.007 Thread 0x000001f845b46110 Exception <a 'java/lang/NoSuchMethodError'{0x000000008b098080}: 'long java.lang.invoke.DirectMethodHandle$Holder.invokeStaticInit(java.lang.Object, java.lang.Object)'> (0x000000008b098080) 
thrown [s\open\src\hotspot\share\interpreter\linkResolver.cpp, line 796]
Event: 12.011 Thread 0x000001f845b46110 Exception <a 'java/lang/NoSuchMethodError'{0x000000008b0a4308}: 'long java.lang.invoke.DirectMethodHandle$Holder.invokeInterface(java.lang.Object, java.lang.Object)'> (0x000000008b0a4308) 
thrown [s\open\src\hotspot\share\interpreter\linkResolver.cpp, line 796]
Event: 12.011 Thread 0x000001f845b46110 Exception <a 'java/lang/IncompatibleClassChangeError'{0x000000008b0a7330}: Found class java.lang.Object, but interface was expected> (0x000000008b0a7330) 
thrown [s\open\src\hotspot\share\interpreter\linkResolver.cpp, line 863]
Event: 12.016 Thread 0x000001f845b46110 Exception <a 'java/lang/NoSuchMethodError'{0x000000008b0bcf98}: 'java.lang.Object java.lang.invoke.DirectMethodHandle$Holder.invokeVirtual(java.lang.Object, java.lang.Object, java.lang.Object, java.lang.Object)'> (0x000000008b0bcf98) 
thrown [s\open\src\hotspot\share\interpreter\linkResolver.cpp, line 796]

VM Operations (20 events):
Event: 10.552 Executing VM operation: HandshakeAllThreads (Deoptimize)
Event: 10.552 Executing VM operation: HandshakeAllThreads (Deoptimize) done
Event: 10.564 Executing VM operation: HandshakeAllThreads (Deoptimize)
Event: 10.564 Executing VM operation: HandshakeAllThreads (Deoptimize) done
Event: 10.564 Executing VM operation: HandshakeAllThreads (Deoptimize)
Event: 10.564 Executing VM operation: HandshakeAllThreads (Deoptimize) done
Event: 10.603 Executing VM operation: HandshakeAllThreads (Deoptimize)
Event: 10.617 Executing VM operation: HandshakeAllThreads (Deoptimize) done
Event: 11.148 Executing VM operation: HandshakeAllThreads (Deoptimize)
Event: 11.148 Executing VM operation: HandshakeAllThreads (Deoptimize) done
Event: 11.284 Executing VM operation: HandshakeAllThreads (Deoptimize)
Event: 11.284 Executing VM operation: HandshakeAllThreads (Deoptimize) done
Event: 11.435 Executing VM operation: G1CollectForAllocation (G1 Evacuation Pause)
Event: 11.441 Executing VM operation: G1CollectForAllocation (G1 Evacuation Pause) done
Event: 11.646 Executing VM operation: HandshakeAllThreads (Deoptimize)
Event: 11.647 Executing VM operation: HandshakeAllThreads (Deoptimize) done
Event: 12.078 Executing VM operation: HandshakeAllThreads (Deoptimize)
Event: 12.078 Executing VM operation: HandshakeAllThreads (Deoptimize) done
Event: 12.918 Executing VM operation: HandshakeAllThreads (Deoptimize)
Event: 12.918 Executing VM operation: HandshakeAllThreads (Deoptimize) done

Memory protections (0 events):
No events

Nmethod flushes (0 events):
No events

Events (14 events):
Event: 0.035 Thread 0x000001f853dc9380 Thread added: 0x000001f853dc9380
Event: 0.054 Thread 0x000001f853dc9380 Thread added: 0x000001f87018f560
Event: 0.055 Thread 0x000001f853dc9380 Thread added: 0x000001f870192de0
Event: 0.055 Thread 0x000001f853dc9380 Thread added: 0x000001f870196190
Event: 0.055 Thread 0x000001f853dc9380 Thread added: 0x000001f870197cf0
Event: 0.055 Thread 0x000001f853dc9380 Thread added: 0x000001f870199110
Event: 0.055 Thread 0x000001f853dc9380 Thread added: 0x000001f87019a0e0
Event: 0.055 Thread 0x000001f853dc9380 Thread added: 0x000001f87019af60
Event: 0.056 Thread 0x000001f853dc9380 Thread added: 0x000001f8701cae00
Event: 0.150 Thread 0x000001f853dc9380 Thread added: 0x000001f8450c8a40
Event: 2.557 Thread 0x000001f853dc9380 Thread added: 0x000001f84540ac20
Event: 2.557 Thread 0x000001f853dc9380 Thread added: 0x000001f84540b290
Event: 10.570 Thread 0x000001f853dc9380 Thread added: 0x000001f845b46110
Event: 11.538 Thread 0x000001f87019af60 Thread added: 0x000001f846355b30


Dynamic libraries:
0x00007ff7f7930000 - 0x00007ff7f793e000 	C:\Users\ADMIN\.jdks\openjdk-23.0.1\bin\java.exe
0x00007ffbdf640000 - 0x00007ffbdf8a7000 	C:\WINDOWS\SYSTEM32\ntdll.dll
0x00007ffbddb80000 - 0x00007ffbddc49000 	C:\WINDOWS\System32\KERNEL32.DLL
0x00007ffbdcb50000 - 0x00007ffbdcf3f000 	C:\WINDOWS\System32\KERNELBASE.dll
0x00007ffbdc790000 - 0x00007ffbdc8db000 	C:\WINDOWS\System32\ucrtbase.dll
0x00007ffbd92d0000 - 0x00007ffbd92eb000 	C:\Users\ADMIN\.jdks\openjdk-23.0.1\bin\VCRUNTIME140.dll
0x00007ffbc7010000 - 0x00007ffbc7027000 	C:\Users\ADMIN\.jdks\openjdk-23.0.1\bin\jli.dll
0x00007ffbde1c0000 - 0x00007ffbde385000 	C:\WINDOWS\System32\USER32.dll
0x00007ffbdd0c0000 - 0x00007ffbdd0e7000 	C:\WINDOWS\System32\win32u.dll
0x00007ffbde500000 - 0x00007ffbde52b000 	C:\WINDOWS\System32\GDI32.dll
0x00007ffbdca20000 - 0x00007ffbdcb4c000 	C:\WINDOWS\System32\gdi32full.dll
0x00007ffbdd1b0000 - 0x00007ffbdd253000 	C:\WINDOWS\System32\msvcp_win.dll
0x00007ffbc3950000 - 0x00007ffbc3be3000 	C:\WINDOWS\WinSxS\amd64_microsoft.windows.common-controls_6595b64144ccf1df_6.0.26100.7309_none_3e05feeae336a044\COMCTL32.dll
0x00007ffbdf080000 - 0x00007ffbdf129000 	C:\WINDOWS\System32\msvcrt.dll
0x00007ffbddf10000 - 0x00007ffbddf41000 	C:\WINDOWS\System32\IMM32.DLL
0x00007ffbd72a0000 - 0x00007ffbd72ac000 	C:\Users\ADMIN\.jdks\openjdk-23.0.1\bin\vcruntime140_1.dll
0x00007ffbb62b0000 - 0x00007ffbb633e000 	C:\Users\ADMIN\.jdks\openjdk-23.0.1\bin\msvcp140.dll
0x00007ffb5de50000 - 0x00007ffb5eb9f000 	C:\Users\ADMIN\.jdks\openjdk-23.0.1\bin\server\jvm.dll
0x00007ffbdd790000 - 0x00007ffbdd844000 	C:\WINDOWS\System32\ADVAPI32.dll
0x00007ffbdd9d0000 - 0x00007ffbdda76000 	C:\WINDOWS\System32\sechost.dll
0x00007ffbdddf0000 - 0x00007ffbddf08000 	C:\WINDOWS\System32\RPCRT4.dll
0x00007ffbdd950000 - 0x00007ffbdd9c4000 	C:\WINDOWS\System32\WS2_32.dll
0x00007ffbdc610000 - 0x00007ffbdc66e000 	C:\WINDOWS\SYSTEM32\POWRPROF.dll
0x00007ffbd3a70000 - 0x00007ffbd3aa5000 	C:\WINDOWS\SYSTEM32\WINMM.dll
0x00007ffbcca60000 - 0x00007ffbcca6b000 	C:\WINDOWS\SYSTEM32\VERSION.dll
0x00007ffbdc5f0000 - 0x00007ffbdc604000 	C:\WINDOWS\SYSTEM32\UMPDC.dll
0x00007ffbdb540000 - 0x00007ffbdb55b000 	C:\WINDOWS\SYSTEM32\kernel.appcore.dll
0x00007ffbc6f90000 - 0x00007ffbc6f9a000 	C:\Users\ADMIN\.jdks\openjdk-23.0.1\bin\jimage.dll
0x00007ffbd9df0000 - 0x00007ffbda032000 	C:\WINDOWS\SYSTEM32\DBGHELP.DLL
0x00007ffbdd400000 - 0x00007ffbdd785000 	C:\WINDOWS\System32\combase.dll
0x00007ffbddf50000 - 0x00007ffbde026000 	C:\WINDOWS\System32\OLEAUT32.dll
0x00007ffbbe3c0000 - 0x00007ffbbe3fc000 	C:\WINDOWS\SYSTEM32\dbgcore.DLL
0x00007ffbdc8e0000 - 0x00007ffbdc985000 	C:\WINDOWS\System32\bcryptPrimitives.dll
0x00007ffbc6f80000 - 0x00007ffbc6f8f000 	C:\Users\ADMIN\.jdks\openjdk-23.0.1\bin\instrument.dll
0x00007ffbc6960000 - 0x00007ffbc697e000 	C:\Users\ADMIN\.jdks\openjdk-23.0.1\bin\java.dll
0x00007ffbddc50000 - 0x00007ffbddde7000 	C:\WINDOWS\System32\ole32.dll
0x00007ffbde720000 - 0x00007ffbdee73000 	C:\WINDOWS\System32\SHELL32.dll
0x00007ffbdcf50000 - 0x00007ffbdd0ba000 	C:\WINDOWS\System32\wintypes.dll
0x00007ffbda3b0000 - 0x00007ffbdac0e000 	C:\WINDOWS\SYSTEM32\windows.storage.dll
0x00007ffbdd850000 - 0x00007ffbdd945000 	C:\WINDOWS\System32\SHCORE.dll
0x00007ffbde0b0000 - 0x00007ffbde116000 	C:\WINDOWS\System32\shlwapi.dll
0x00007ffbdc6b0000 - 0x00007ffbdc6d9000 	C:\WINDOWS\SYSTEM32\profapi.dll
0x00007ffb93570000 - 0x00007ffb93647000 	C:\Users\ADMIN\.jdks\openjdk-23.0.1\bin\jsvml.dll
0x00007ffbc6940000 - 0x00007ffbc6957000 	C:\Users\ADMIN\.jdks\openjdk-23.0.1\bin\zip.dll
0x00007ffbc6e30000 - 0x00007ffbc6e40000 	C:\Users\ADMIN\.jdks\openjdk-23.0.1\bin\net.dll
0x00007ffbdbab0000 - 0x00007ffbdbb1b000 	C:\WINDOWS\system32\mswsock.dll
0x00007ffbc6920000 - 0x00007ffbc6936000 	C:\Users\ADMIN\.jdks\openjdk-23.0.1\bin\nio.dll
0x00007ffbd5c30000 - 0x00007ffbd5c4a000 	C:\Program Files\JetBrains\IntelliJ IDEA Community Edition 2024.2.4\bin\breakgen64.dll
0x00007ffbd5c20000 - 0x00007ffbd5c29000 	C:\Users\ADMIN\.jdks\openjdk-23.0.1\bin\extnet.dll

dbghelp: loaded successfully - version: 4.0.5 - missing functions: none
symbol engine: initialized successfully - sym options: 0x614 - pdb path: .;C:\Users\ADMIN\.jdks\openjdk-23.0.1\bin;C:\WINDOWS\SYSTEM32;C:\WINDOWS\WinSxS\amd64_microsoft.windows.common-controls_6595b64144ccf1df_6.0.26100.7309_none_3e05feeae336a044;C:\Users\ADMIN\.jdks\openjdk-23.0.1\bin\server;C:\Program Files\JetBrains\IntelliJ IDEA Community Edition 2024.2.4\bin

VM Arguments:
jvm_args: -javaagent:C:\Program Files\JetBrains\IntelliJ IDEA Community Edition 2024.2.4\lib\idea_rt.jar=57508:C:\Program Files\JetBrains\IntelliJ IDEA Community Edition 2024.2.4\bin -Dfile.encoding=UTF-8 -Dsun.stdout.encoding=UTF-8 -Dsun.stderr.encoding=UTF-8 
java_command: com.example.asuracomic.AsuracomicApplication
java_class_path (initial): D:\asura\asuracomic\target\classes;C:\Users\ADMIN\.m2\repository\org\springframework\boot\spring-boot-starter-validation\3.3.0\spring-boot-starter-validation-3.3.0.jar;C:\Users\ADMIN\.m2\repository\org\springframework\boot\spring-boot-starter\3.3.0\spring-boot-starter-3.3.0.jar;C:\Users\ADMIN\.m2\repository\org\springframework\boot\spring-boot\3.3.0\spring-boot-3.3.0.jar;C:\Users\ADMIN\.m2\repository\org\springframework\boot\spring-boot-autoconfigure\3.3.0\spring-boot-autoconfigure-3.3.0.jar;C:\Users\ADMIN\.m2\repository\org\springframework\boot\spring-boot-starter-logging\3.3.0\spring-boot-starter-logging-3.3.0.jar;C:\Users\ADMIN\.m2\repository\ch\qos\logback\logback-classic\1.5.6\logback-classic-1.5.6.jar;C:\Users\ADMIN\.m2\repository\ch\qos\logback\logback-core\1.5.6\logback-core-1.5.6.jar;C:\Users\ADMIN\.m2\repository\org\apache\logging\log4j\log4j-to-slf4j\2.23.1\log4j-to-slf4j-2.23.1.jar;C:\Users\ADMIN\.m2\repository\org\apache\logging\log4j\log4j-api\2.23.1\log4j-api-2.23.1.jar;C:\Users\ADMIN\.m2\repository\org\slf4j\jul-to-slf4j\2.0.13\jul-to-slf4j-2.0.13.jar;C:\Users\ADMIN\.m2\repository\jakarta\annotation\jakarta.annotation-api\2.1.1\jakarta.annotation-api-2.1.1.jar;C:\Users\ADMIN\.m2\repository\org\yaml\snakeyaml\2.2\snakeyaml-2.2.jar;C:\Users\ADMIN\.m2\repository\org\apache\tomcat\embed\tomcat-embed-el\10.1.24\tomcat-embed-el-10.1.24.jar;C:\Users\ADMIN\.m2\repository\org\hibernate\validator\hibernate-validator\8.0.1.Final\hibernate-validator-8.0.1.Final.jar;C:\Users\ADMIN\.m2\repository\jakarta\validation\jakarta.validation-api\3.0.2\jakarta.validation-api-3.0.2.jar;C:\Users\ADMIN\.m2\repository\org\jboss\logging\jboss-logging\3.5.3.Final\jboss-logging-3.5.3.Final.jar;C:\Users\ADMIN\.m2\repository\com\fasterxml\classmate\1.7.0\classmate-1.7.0.jar;C:\Users\ADMIN\.m2\repository\com\github\slugify\slugify\3.0.7\slugify-3.0.7.jar;C:\Users\ADMIN\.m2\repository\com\github\javafaker\javafaker\1.0.2\javafaker-1.0.2.jar;C:\Users\ADMIN\.m2\repository\org\apache\commons\commons-lang3\3.14.0\commons-lang3-3.14.0.jar;C:\Users\ADMIN\.m2\repository\org\yaml\snakeyaml\1.23\snakeyaml-1.23-android.jar;C:\Users\ADMIN\.m2\repository\com\github\mifmif\generex\1.0.2\generex-1.0.2.jar;C:\Users\ADMIN\.m2\repository\dk\brics\automaton\automaton\1.11-8\automaton-1.11-8.jar;C:\Users\ADMIN\.m2\repository\org\springframework\boot\spring-boot-starter-data-jpa\3.3.0\spring-boot-starter-data-jpa-3.3.0.jar;C:\Users\ADMIN\.m2\repository\org\springframework\boot\spring-boot-starter-aop\3.3.0\spring-boot-starter-aop-3.3.0.jar;C:\Users\ADMIN\.m2\repository\org\springframework\spring-aop\6.1.8\spring-aop-6.1.8.jar;C:\Users\ADMIN\.m2\repository\org\aspectj\aspectjweaver\1.9.22\aspectjweaver-1.9.22.jar;C:\Users\ADMIN\.m2\repository\org\springframework\boot\spring-boot-starter-jdbc\3.3.0\spring-boot-starter-jdbc-3.3.0.jar;C:\Users\ADMIN\.m2\repository\com\zaxxer\HikariCP\5.1.0\HikariCP-5.1.0.jar;C:\Users\ADMIN\.m2\repository\org\springframework\spring-jdbc\6.1.8\spring-jdbc-6.1.8.jar;C:\Users\ADMIN\.m2\repository\org\hibernate\orm\hibernate-core\6.5.2.Final\hibernate-core-6.5.2.Final.jar;C:\Users\ADMIN\.m2\repository\jakarta\persistence\jakarta.persistence-api\3.1.0\jakarta.persistence-api-3.1.0.jar;C:\Users\ADMIN\.m2\repository\jakarta\transaction\jakarta.transaction-api\2.0.1\jakarta.transaction-api-2.0.1.jar;C:\Users\ADMIN\.m2\repository\org\hibernate\common\hibernate-commons-annotations\6.0.6.Final\hibernate-commons-annotations-6.0.6.Final.jar;C:\Users\ADMIN\.m2\repository\io\smallrye\jandex\3.1.2\jandex-3.1.2.jar;C:\Users\ADMIN\.m2\repository\net\bytebuddy\byte-buddy\1.14.16\byte-buddy-1.14.16.jar;C:\Users\ADMIN\.m2\repository\org\glassfish\jaxb\jaxb-runtime\4.0.5\jaxb-runtime-4.0.5.jar;C:\Users\ADMIN\.m2\repository\org\glassfish\jaxb\jaxb-core\4.0.5\jaxb-core-4.0.5.jar;C:\Users\ADMIN\.m2\repository\org\eclipse\angus\angus-activation\2.0.2\angus-activation-2.0.2.jar;C:\Users\ADMIN\.m2\repository\org\glassfish\jaxb\txw2\4.0.5\txw2-4.0.5.jar;C:\Users\ADMIN\.m2\repository\com\sun\istack\istack-commons-runtime\4.1.2\istack-commons-runtime-4.1.2.jar;C:\Users\ADMIN\.m2\repository\jakarta\inject\jakarta.inject-api\2.0.1\jakarta.inject-api-2.0.1.jar;C:\Users\ADMIN\.m2\repository\org\antlr\antlr4-runtime\4.13.0\antlr4-runtime-4.13.0.jar;C:\Users\ADMIN\.m2\repository\org\springframework\data\spring-data-jpa\3.3.0\spring-data-jpa-3.3.0.jar;C:\Users\ADMIN\.m2\repository\org\springframework\data\spring-data-commons\3.3.0\spring-data-commons-3.3.0.jar;C:\Users\ADMIN\.m2\repository\org\springframework\spring-orm\6.1.8\spring-orm-6.1.8.jar;C:\Users\ADMIN\.m2\repository\org\springframework\spring-context\6.1.8\spring-context-6.1.8.jar;C:\Users\ADMIN\.m2\repository\org\springframework\spring-tx\6.1.8\spring-tx-6.1.8.jar;C:\Users\ADMIN\.m2\repository\org\springframework\spring-beans\6.1.8\spring-beans-6.1.8.jar;C:\Users\ADMIN\.m2\repository\org\slf4j\slf4j-api\2.0.13\slf4j-api-2.0.13.jar;C:\Users\ADMIN\.m2\repository\org\springframework\spring-aspects\6.1.8\spring-aspects-6.1.8.jar;C:\Users\ADMIN\.m2\repository\org\springframework\boot\spring-boot-starter-thymeleaf\3.3.0\spring-boot-starter-thymeleaf-3.3.0.jar;C:\Users\ADMIN\.m2\repository\org\thymeleaf\thymeleaf-spring6\3.1.2.RELEASE\thymeleaf-spring6-3.1.2.RELEASE.jar;C:\Users\ADMIN\.m2\repository\org\thymeleaf\thymeleaf\3.1.2.RELEASE\thymeleaf-3.1.2.RELEASE.jar;C:\Users\ADMIN\.m2\repository\org\attoparser\attoparser\2.0.7.RELEASE\attoparser-2.0.7.RELEASE.jar;C:\Users\ADMIN\.m2\repository\org\unbescape\unbescape\1.1.6.RELEASE\unbescape-1.1.6.RELEASE.jar;C:\Users\ADMIN\.m2\repository\org\springframework\boot\spring-boot-starter-web\3.3.0\spring-boot-starter-web-3.3.0.jar;C:\Users\ADMIN\.m2\repository\org\springframework\boot\spring-boot-starter-json\3.3.0\spring-boot-starter-json-3.3.0.jar;C:\Users\ADMIN\.m2\repository\com\fasterxml\jackson\core\jackson-databind\2.17.1\jackson-databind-2.17.1.jar;C:\Users\ADMIN\.m2\repository\com\fasterxml\jackson\core\jackson-annotations\2.17.1\jackson-annotations-2.17.1.jar;C:\Users\ADMIN\.m2\repository\com\fasterxml\jackson\core\jackson-core\2.17.1\jackson-core-2.17.1.jar;C:\Users\ADMIN\.m2\repository\com\fasterxml\jackson\datatype\jackson-datatype-jdk8\2.17.1\jackson-datatype-jdk8-2.17.1.jar;C:\Users\ADMIN\.m2\repository\com\fasterxml\jackson\datatype\jackson-datatype-jsr310\2.17.1\jackson-datatype-jsr310-2.17.1.jar;C:\Users\ADMIN\.m2\repository\com\fasterxml\jackson\module\jackson-module-parameter-names\2.17.1\jackson-module-parameter-names-2.17.1.jar;C:\Users\ADMIN\.m2\repository\org\springframework\boot\spring-boot-starter-tomcat\3.3.0\spring-boot-starter-tomcat-3.3.0.jar;C:\Users\ADMIN\.m2\repository\org\apache\tomcat\embed\tomcat-embed-core\10.1.24\tomcat-embed-core-10.1.24.jar;C:\Users\ADMIN\.m2\repository\org\apache\tomcat\embed\tomcat-embed-websocket\10.1.24\tomcat-embed-websocket-10.1.24.jar;C:\Users\ADMIN\.m2\repository\org\springframework\spring-web\6.1.8\spring-web-6.1.8.jar;C:\Users\ADMIN\.m2\repository\io\micrometer\micrometer-observation\1.13.0\micrometer-observation-1.13.0.jar;C:\Users\ADMIN\.m2\repository\io\micrometer\micrometer-commons\1.13.0\micrometer-commons-1.13.0.jar;C:\Users\ADMIN\.m2\repository\org\springframework\spring-webmvc\6.1.8\spring-webmvc-6.1.8.jar;C:\Users\ADMIN\.m2\repository\org\springframework\spring-expression\6.1.8\spring-expression-6.1.8.jar;C:\Users\ADMIN\.m2\repository\com\mysql\mysql-connector-j\8.3.0\mysql-connector-j-8.3.0.jar;C:\Users\ADMIN\.m2\repository\org\projectlombok\lombok\1.18.32\lombok-1.18.32.jar;C:\Users\ADMIN\.m2\repository\jakarta\xml\bind\jakarta.xml.bind-api\4.0.2\jakarta.xml.bind-api-4.0.2.jar;C:\Users\ADMIN\.m2\repository\jakarta\activation\jakarta.activation-api\2.1.3\jakarta.activation-api-2.1.3.jar;C:\Users\ADMIN\.m2\repository\org\springframework\spring-core\6.1.8\spring-core-6.1.8.jar;C:\Users\ADMIN\.m2\repository\org\springframework\spring-jcl\6.1.8\spring-jcl-6.1.8.jar;C:\Users\ADMIN\.m2\repository\org\springframework\security\spring-security-crypto\6.4.4\spring-security-crypto-6.4.4.jar;C:\Users\ADMIN\.m2\repository\com\cloudinary\cloudinary-http44\1.29.0\cloudinary-http44-1.29.0.jar;C:\Users\ADMIN\.m2\repository\com\cloudinary\cloudinary-core\1.29.0\cloudinary-core-1.29.0.jar;C:\Users\ADMIN\.m2\repository\org\apache\httpcomponents\httpclient\4.4\httpclient-4.4.jar;C:\Users\ADMIN\.m2\repository\org\apache\httpcomponents\httpcore\4.4.16\httpcore-4.4.16.jar;C:\Users\ADMIN\.m2\repository\commons-logging\commons-logging\1.2\commons-logging-1.2.jar;C:\Users\ADMIN\.m2\repository\commons-codec\commons-codec\1.16.1\commons-codec-1.16.1.jar;C:\Users\ADMIN\.m2\repository\org\apache\httpcomponents\httpmime\4.4\httpmime-4.4.jar
Launcher Type: SUN_STANDARD

[Global flags]
     intx CICompilerCount                          = 3                                         {product} {ergonomic}
     uint ConcGCThreads                            = 1                                         {product} {ergonomic}
     uint G1ConcRefinementThreads                  = 4                                         {product} {ergonomic}
   size_t G1HeapRegionSize                         = 1048576                                   {product} {ergonomic}
   size_t InitialHeapSize                          = 130023424                                 {product} {ergonomic}
   size_t MarkStackSize                            = 4194304                                   {product} {ergonomic}
   size_t MarkStackSizeMax                         = 536870912                                 {product} {ergonomic}
   size_t MaxHeapSize                              = 2078277632                                {product} {ergonomic}
   size_t MaxNewSize                               = 1246756864                                {product} {ergonomic}
   size_t MinHeapDeltaBytes                        = 1048576                                   {product} {ergonomic}
   size_t MinHeapSize                              = 8388608                                   {product} {ergonomic}
    uintx NonNMethodCodeHeapSize                   = 5832704                                {pd product} {ergonomic}
    uintx NonProfiledCodeHeapSize                  = 122945536                              {pd product} {ergonomic}
    uintx ProfiledCodeHeapSize                     = 122880000                              {pd product} {ergonomic}
    uintx ReservedCodeCacheSize                    = 251658240                              {pd product} {ergonomic}
     bool SegmentedCodeCache                       = true                                      {product} {ergonomic}
   size_t SoftMaxHeapSize                          = 2078277632                             {manageable} {ergonomic}
     bool UseCompressedOops                        = true                           {product lp64_product} {ergonomic}
     bool UseG1GC                                  = true                                      {product} {ergonomic}
     bool UseLargePagesIndividualAllocation        = false                                  {pd product} {ergonomic}

Logging:
Log output configuration:
 #0: stdout all=warning uptime,level,tags foldmultilines=false
 #1: stderr all=off uptime,level,tags foldmultilines=false

Environment Variables:
JAVA_HOME=C:\Program Files\Java\jre1.8.0_431
PATH=C:\WINDOWS\system32;C:\WINDOWS;C:\WINDOWS\System32\Wbem;C:\WINDOWS\System32\WindowsPowerShell\v1.0\;C:\WINDOWS\System32\OpenSSH\;C:\Program Files\Java\jre1.8.0_431\bin;C:\Program Files\Git\cmd;C:\Program Files\nodejs\;C:\Program Files\MongoDB\Server\8.0\bin;C:\Users\ADMIN\AppData\Roaming\npm\node_modules;C:\Program Files\Cloudflare\Cloudflare WARP\;C:\flutter\bin;C:\Program Files\MySQL\MySQL Server 8.0\bin;C:\Program Files\apache-maven-3.9.9\bin;C:\Program Files\dotnet\;C:\Users\ADMIN\AppData\Local\Programs\Python\Python313\Scripts\;C:\Users\ADMIN\AppData\Local\Programs\Python\Python313\;C:\Users\ADMIN\AppData\Local\Programs\Python\Launcher\;C:\Program Files\MySQL\MySQL Shell 8.0\bin\;C:\Users\ADMIN\AppData\Local\Microsoft\WindowsApps;C:\Users\ADMIN\AppData\Local\Programs\Microsoft VS Code\bin;C:\Users\ADMIN\AppData\Local\GitHubDesktop\bin;C:\Users\ADMIN\Downloads\ezyplatform-sdk-0.0.9\ezyplatform-sdk\bin;C:\Users\ADMIN\Downloads\apache-maven-3.9.9-bin\apache-maven-3.9.9\bin;C:\flutter\bin;C:\Users\ADMIN\AppData\Roaming\npm;C:\Program Files\MongoDB\Server\8.0\bin;C:\Users\ADMIN\AppData\Roaming\npm\node_modules;C:\Program Files\MySQL\MySQL Server 8.0\bin;C:\Program Files\apache-maven-3.9.9\bin;C:\Users\ADMIN\AppData\Local\Programs\cursor\resources\app\bin
USERNAME=ADMIN
OS=Windows_NT
PROCESSOR_IDENTIFIER=Intel64 Family 6 Model 140 Stepping 1, GenuineIntel
TMP=C:\Users\ADMIN\AppData\Local\Temp
TEMP=C:\Users\ADMIN\AppData\Local\Temp




Periodic native trim disabled

---------------  S Y S T E M  ---------------

OS:
 Windows 11 , 64 bit Build 26100 (10.0.26100.7309)
OS uptime: 15 days 2:08 hours

CPU: total 4 (initial active 4) (2 cores per cpu, 2 threads per core) family 6 model 140 stepping 1 microcode 0xbc, cx8, cmov, fxsr, ht, mmx, 3dnowpref, sse, sse2, sse3, ssse3, sse4.1, sse4.2, popcnt, lzcnt, tsc, tscinvbit, avx, avx2, aes, erms, clmul, bmi1, bmi2, adx, avx512f, avx512dq, avx512cd, avx512bw, avx512vl, sha, fma, vzeroupper, avx512_vpopcntdq, avx512_vpclmulqdq, avx512_vaes, avx512_vnni, clflush, clflushopt, clwb, avx512_vbmi2, avx512_vbmi, rdtscp, rdpid, fsrm, gfni, avx512_bitalg, f16c, pku, cet_ibt, cet_ss, avx512_ifma
Processor Information for the first 4 processors :
  Max Mhz: 2995, Current Mhz: 2995, Mhz Limit: 2995

Memory: 4k page, system-wide physical 7926M (568M free)
TotalPageFile size 19207M (AvailPageFile size 81M)
current process WorkingSet (physical memory assigned to process): 132M, peak: 133M
current process commit charge ("private bytes"): 254M, peak: 256M

vm_info: OpenJDK 64-Bit Server VM (23.0.1+11-39) for windows-amd64 JRE (23.0.1+11-39), built on 2024-09-30T07:20:43Z with MS VC++ 17.6 (VS2022)

END.
